<?xml version="1.0" encoding="UTF-8"?>
<robot generator="Rebot 5.0.1 (Python 3.8.10 on linux)" generated="20231021 12:18:10.317" rpa="false" schemaversion="3">
<suite id="s1" name="Login Test Suite" source="/home/my/PycharmProjects/StoryWeaver/Test_Suites/Login_Test_Suite.robot">
<test id="s1-t1" name="Login Test with valid crediantials" line="9">
<kw name="Open_Web_browser" library="common" type="SETUP">
<arg>${Url}</arg>
<kw name="Open Browser" library="SeleniumLibrary">
<arg>${Url}</arg>
<arg>${browser_Name}</arg>
<doc>Opens a new browser instance to the optional ``url``.</doc>
<msg timestamp="20231021 12:14:35.244" level="INFO">Opening browser 'chrome' to base url 'https://feature1.pbees.party/en/'.</msg>
<status status="PASS" starttime="20231021 12:14:35.244" endtime="20231021 12:14:51.794"/>
</kw>
<kw name="Set Window Size" library="SeleniumLibrary">
<arg>1536</arg>
<arg>864</arg>
<doc>Sets current windows size to given ``width`` and ``height``.</doc>
<status status="PASS" starttime="20231021 12:14:51.795" endtime="20231021 12:14:51.961"/>
</kw>
<kw name="Set Selenium Implicit Wait" library="SeleniumLibrary">
<arg>10s</arg>
<doc>Sets the implicit wait value used by Selenium.</doc>
<status status="PASS" starttime="20231021 12:14:51.961" endtime="20231021 12:14:51.963"/>
</kw>
<kw name="Maximize Browser Window" library="SeleniumLibrary">
<doc>Maximizes current browser window.</doc>
<status status="PASS" starttime="20231021 12:14:51.963" endtime="20231021 12:14:52.072"/>
</kw>
<kw name="Sleep" library="BuiltIn">
<arg>20s</arg>
<doc>Pauses the test executed for the given time.</doc>
<msg timestamp="20231021 12:15:12.075" level="INFO">Slept 20 seconds</msg>
<status status="PASS" starttime="20231021 12:14:52.072" endtime="20231021 12:15:12.075"/>
</kw>
<status status="PASS" starttime="20231021 12:14:35.244" endtime="20231021 12:15:12.076"/>
</kw>
<kw name="Click on Login/Signup button" library="LoginModalObjects">
<kw name="Click Element" library="SeleniumLibrary">
<arg>${SignupLoginbutton}</arg>
<doc>Click the element identified by ``locator``.</doc>
<msg timestamp="20231021 12:15:12.080" level="INFO">Clicking element '//*[text()="Sign Up/Log In"]'.</msg>
<status status="PASS" starttime="20231021 12:15:12.079" endtime="20231021 12:15:13.555"/>
</kw>
<status status="PASS" starttime="20231021 12:15:12.077" endtime="20231021 12:15:13.556"/>
</kw>
<kw name="Click on email option" library="LoginModalObjects">
<kw name="Click Element" library="SeleniumLibrary">
<arg>${Emailbuttonmodal}</arg>
<doc>Click the element identified by ``locator``.</doc>
<msg timestamp="20231021 12:15:13.558" level="INFO">Clicking element '//a[text()="Email"]'.</msg>
<status status="PASS" starttime="20231021 12:15:13.557" endtime="20231021 12:15:13.746"/>
</kw>
<status status="PASS" starttime="20231021 12:15:13.556" endtime="20231021 12:15:13.746"/>
</kw>
<kw name="Enter email id" library="LoginModalObjects">
<arg>zahid@yopmail.com</arg>
<kw name="Input Text" library="SeleniumLibrary">
<arg>${EmailInputField}</arg>
<arg>${UserName}</arg>
<doc>Types the given ``text`` into the text field identified by ``locator``.</doc>
<msg timestamp="20231021 12:15:13.747" level="INFO">Typing text 'zahid@yopmail.com' into text field '//input[@id='auth-modal-email']'.</msg>
<status status="PASS" starttime="20231021 12:15:13.746" endtime="20231021 12:15:14.011"/>
</kw>
<status status="PASS" starttime="20231021 12:15:13.746" endtime="20231021 12:15:14.012"/>
</kw>
<kw name="Click on next button" library="LoginModalObjects">
<kw name="Click Button" library="SeleniumLibrary">
<arg>${NextButton}</arg>
<doc>Clicks the button identified by ``locator``.</doc>
<msg timestamp="20231021 12:15:14.014" level="INFO">Clicking button 'Next'.</msg>
<status status="PASS" starttime="20231021 12:15:14.013" endtime="20231021 12:15:24.170"/>
</kw>
<kw name="Sleep" library="BuiltIn">
<arg>3s</arg>
<doc>Pauses the test executed for the given time.</doc>
<msg timestamp="20231021 12:15:27.171" level="INFO">Slept 3 seconds</msg>
<status status="PASS" starttime="20231021 12:15:24.171" endtime="20231021 12:15:27.172"/>
</kw>
<status status="PASS" starttime="20231021 12:15:14.012" endtime="20231021 12:15:27.173"/>
</kw>
<kw name="Enter Vaild Password in password field" library="LoginModalObjects">
<kw name="Input Password" library="SeleniumLibrary">
<arg>${PasswordField}</arg>
<arg>${Password}</arg>
<doc>Types the given password into the text field identified by ``locator``.</doc>
<msg timestamp="20231021 12:15:27.176" level="INFO">Typing password into text field '//input[@id='auth-modal-password']'.</msg>
<msg timestamp="20231021 12:15:27.334" level="INFO">Temporally setting log level to: NONE</msg>
<msg timestamp="20231021 12:15:27.447" level="INFO">Log level changed from NONE to INFO.</msg>
<status status="PASS" starttime="20231021 12:15:27.175" endtime="20231021 12:15:27.447"/>
</kw>
<kw name="Sleep" library="BuiltIn">
<arg>2s</arg>
<doc>Pauses the test executed for the given time.</doc>
<msg timestamp="20231021 12:15:29.448" level="INFO">Slept 2 seconds</msg>
<status status="PASS" starttime="20231021 12:15:27.448" endtime="20231021 12:15:29.449"/>
</kw>
<status status="PASS" starttime="20231021 12:15:27.174" endtime="20231021 12:15:29.450"/>
</kw>
<kw name="Click login button after entering password" library="LoginModalObjects">
<kw name="Click Element" library="SeleniumLibrary">
<arg>${LoginButton}</arg>
<doc>Click the element identified by ``locator``.</doc>
<msg timestamp="20231021 12:15:29.454" level="INFO">Clicking element '//button[text()='Log In']'.</msg>
<status status="PASS" starttime="20231021 12:15:29.452" endtime="20231021 12:15:29.597"/>
</kw>
<kw name="Sleep" library="BuiltIn">
<arg>2s</arg>
<doc>Pauses the test executed for the given time.</doc>
<msg timestamp="20231021 12:15:31.598" level="INFO">Slept 2 seconds</msg>
<status status="PASS" starttime="20231021 12:15:29.598" endtime="20231021 12:15:31.598"/>
</kw>
<status status="PASS" starttime="20231021 12:15:29.451" endtime="20231021 12:15:31.598"/>
</kw>
<kw name="Verify the notification for Successfully login" library="LoginModalObjects">
<kw name="Element Text Should Be" library="SeleniumLibrary">
<arg>${GlobalSlimNotification}</arg>
<arg>Login Successful</arg>
<doc>Verifies that element ``locator`` contains exact the text ``expected``.</doc>
<msg timestamp="20231021 12:15:31.600" level="INFO">Verifying element 'xpath=//*[@class="pb-slim-notification-container"]' contains exact text 'Login Successful'.</msg>
<status status="PASS" starttime="20231021 12:15:31.599" endtime="20231021 12:15:31.681"/>
</kw>
<kw name="Log To Console" library="BuiltIn">
<arg>Login Successful</arg>
<doc>Logs the given message to the console.</doc>
<status status="PASS" starttime="20231021 12:15:31.681" endtime="20231021 12:15:31.682"/>
</kw>
<status status="PASS" starttime="20231021 12:15:31.599" endtime="20231021 12:15:31.682"/>
</kw>
<kw name="Close_the_browser" library="common" type="TEARDOWN">
<kw name="Close Browser" library="SeleniumLibrary">
<doc>Closes the current browser.</doc>
<status status="PASS" starttime="20231021 12:15:31.683" endtime="20231021 12:15:32.210"/>
</kw>
<status status="PASS" starttime="20231021 12:15:31.682" endtime="20231021 12:15:32.210"/>
</kw>
<doc>Testing Login with In-valid credentials</doc>
<tag>Login</tag>
<tag>Sanity</tag>
<tag>TC001</tag>
<status status="PASS" starttime="20231021 12:14:35.242" endtime="20231021 12:15:32.210"/>
</test>
<test id="s1-t2" name="Login Test with invalid credentials" line="19">
<kw name="Open_Web_browser" library="common" type="SETUP">
<arg>${Url}</arg>
<kw name="Open Browser" library="SeleniumLibrary">
<arg>${Url}</arg>
<arg>${browser_Name}</arg>
<doc>Opens a new browser instance to the optional ``url``.</doc>
<msg timestamp="20231021 12:15:32.214" level="INFO">Opening browser 'chrome' to base url 'https://feature1.pbees.party/en/'.</msg>
<status status="PASS" starttime="20231021 12:15:32.214" endtime="20231021 12:15:42.974"/>
</kw>
<kw name="Set Window Size" library="SeleniumLibrary">
<arg>1536</arg>
<arg>864</arg>
<doc>Sets current windows size to given ``width`` and ``height``.</doc>
<status status="PASS" starttime="20231021 12:15:42.975" endtime="20231021 12:15:43.184"/>
</kw>
<kw name="Set Selenium Implicit Wait" library="SeleniumLibrary">
<arg>10s</arg>
<doc>Sets the implicit wait value used by Selenium.</doc>
<status status="PASS" starttime="20231021 12:15:43.184" endtime="20231021 12:15:43.187"/>
</kw>
<kw name="Maximize Browser Window" library="SeleniumLibrary">
<doc>Maximizes current browser window.</doc>
<status status="PASS" starttime="20231021 12:15:43.187" endtime="20231021 12:15:43.330"/>
</kw>
<kw name="Sleep" library="BuiltIn">
<arg>20s</arg>
<doc>Pauses the test executed for the given time.</doc>
<msg timestamp="20231021 12:16:03.332" level="INFO">Slept 20 seconds</msg>
<status status="PASS" starttime="20231021 12:15:43.330" endtime="20231021 12:16:03.333"/>
</kw>
<status status="PASS" starttime="20231021 12:15:32.213" endtime="20231021 12:16:03.334"/>
</kw>
<kw name="Click on Login/Signup button" library="LoginModalObjects">
<kw name="Click Element" library="SeleniumLibrary">
<arg>${SignupLoginbutton}</arg>
<doc>Click the element identified by ``locator``.</doc>
<msg timestamp="20231021 12:16:03.342" level="INFO">Clicking element '//*[text()="Sign Up/Log In"]'.</msg>
<status status="PASS" starttime="20231021 12:16:03.337" endtime="20231021 12:16:04.530"/>
</kw>
<status status="PASS" starttime="20231021 12:16:03.335" endtime="20231021 12:16:04.530"/>
</kw>
<kw name="Click on email option" library="LoginModalObjects">
<kw name="Click Element" library="SeleniumLibrary">
<arg>${Emailbuttonmodal}</arg>
<doc>Click the element identified by ``locator``.</doc>
<msg timestamp="20231021 12:16:04.532" level="INFO">Clicking element '//a[text()="Email"]'.</msg>
<status status="PASS" starttime="20231021 12:16:04.531" endtime="20231021 12:16:04.638"/>
</kw>
<status status="PASS" starttime="20231021 12:16:04.531" endtime="20231021 12:16:04.638"/>
</kw>
<kw name="Enter email id" library="LoginModalObjects">
<arg>zahid@yopmail.com</arg>
<kw name="Input Text" library="SeleniumLibrary">
<arg>${EmailInputField}</arg>
<arg>${UserName}</arg>
<doc>Types the given ``text`` into the text field identified by ``locator``.</doc>
<msg timestamp="20231021 12:16:04.640" level="INFO">Typing text 'zahid@yopmail.com' into text field '//input[@id='auth-modal-email']'.</msg>
<status status="PASS" starttime="20231021 12:16:04.639" endtime="20231021 12:16:04.953"/>
</kw>
<status status="PASS" starttime="20231021 12:16:04.639" endtime="20231021 12:16:04.953"/>
</kw>
<kw name="Click on next button" library="LoginModalObjects">
<kw name="Click Button" library="SeleniumLibrary">
<arg>${NextButton}</arg>
<doc>Clicks the button identified by ``locator``.</doc>
<msg timestamp="20231021 12:16:04.954" level="INFO">Clicking button 'Next'.</msg>
<status status="PASS" starttime="20231021 12:16:04.954" endtime="20231021 12:16:15.204"/>
</kw>
<kw name="Sleep" library="BuiltIn">
<arg>3s</arg>
<doc>Pauses the test executed for the given time.</doc>
<msg timestamp="20231021 12:16:18.205" level="INFO">Slept 3 seconds</msg>
<status status="PASS" starttime="20231021 12:16:15.204" endtime="20231021 12:16:18.205"/>
</kw>
<status status="PASS" starttime="20231021 12:16:04.953" endtime="20231021 12:16:18.206"/>
</kw>
<kw name="Enter Invalid Password in password field" library="LoginModalObjects">
<kw name="Input Password" library="SeleniumLibrary">
<arg>${PasswordField}</arg>
<arg>${Invalid_Password}</arg>
<doc>Types the given password into the text field identified by ``locator``.</doc>
<msg timestamp="20231021 12:16:18.210" level="INFO">Typing password into text field '//input[@id='auth-modal-password']'.</msg>
<msg timestamp="20231021 12:16:18.316" level="INFO">Temporally setting log level to: NONE</msg>
<msg timestamp="20231021 12:16:18.421" level="INFO">Log level changed from NONE to INFO.</msg>
<status status="PASS" starttime="20231021 12:16:18.208" endtime="20231021 12:16:18.421"/>
</kw>
<kw name="Sleep" library="BuiltIn">
<arg>2s</arg>
<doc>Pauses the test executed for the given time.</doc>
<msg timestamp="20231021 12:16:20.422" level="INFO">Slept 2 seconds</msg>
<status status="PASS" starttime="20231021 12:16:18.421" endtime="20231021 12:16:20.422"/>
</kw>
<status status="PASS" starttime="20231021 12:16:18.207" endtime="20231021 12:16:20.422"/>
</kw>
<kw name="Click login button after entering password" library="LoginModalObjects">
<kw name="Click Element" library="SeleniumLibrary">
<arg>${LoginButton}</arg>
<doc>Click the element identified by ``locator``.</doc>
<msg timestamp="20231021 12:16:20.423" level="INFO">Clicking element '//button[text()='Log In']'.</msg>
<status status="PASS" starttime="20231021 12:16:20.423" endtime="20231021 12:16:20.539"/>
</kw>
<kw name="Sleep" library="BuiltIn">
<arg>2s</arg>
<doc>Pauses the test executed for the given time.</doc>
<msg timestamp="20231021 12:16:22.540" level="INFO">Slept 2 seconds</msg>
<status status="PASS" starttime="20231021 12:16:20.539" endtime="20231021 12:16:22.540"/>
</kw>
<status status="PASS" starttime="20231021 12:16:20.422" endtime="20231021 12:16:22.540"/>
</kw>
<kw name="Invalid Email/Password slim notification" library="LoginModalObjects">
<kw name="Element Text Should Be" library="SeleniumLibrary">
<arg>${GlobalSlimNotification}</arg>
<arg>Invalid email or password.</arg>
<doc>Verifies that element ``locator`` contains exact the text ``expected``.</doc>
<msg timestamp="20231021 12:16:22.541" level="INFO">Verifying element 'xpath=//*[@class="pb-slim-notification-container"]' contains exact text 'Invalid email or password.'.</msg>
<status status="PASS" starttime="20231021 12:16:22.541" endtime="20231021 12:16:22.587"/>
</kw>
<status status="PASS" starttime="20231021 12:16:22.541" endtime="20231021 12:16:22.587"/>
</kw>
<kw name="Close_the_browser" library="common" type="TEARDOWN">
<kw name="Close Browser" library="SeleniumLibrary">
<doc>Closes the current browser.</doc>
<status status="PASS" starttime="20231021 12:16:22.588" endtime="20231021 12:16:22.730"/>
</kw>
<status status="PASS" starttime="20231021 12:16:22.588" endtime="20231021 12:16:22.730"/>
</kw>
<doc>Testing Login with valid credentials</doc>
<tag>Login</tag>
<tag>Sanity</tag>
<tag>TC002</tag>
<status status="PASS" starttime="20231021 12:15:32.211" endtime="20231021 12:16:22.730"/>
</test>
<test id="s1-t3" name="Login Test with OTP" line="29">
<kw name="Open_Web_browser" library="common" type="SETUP">
<arg>${Url}</arg>
<kw name="Open Browser" library="SeleniumLibrary">
<arg>${Url}</arg>
<arg>${browser_Name}</arg>
<doc>Opens a new browser instance to the optional ``url``.</doc>
<msg timestamp="20231021 12:16:22.735" level="INFO">Opening browser 'chrome' to base url 'https://feature1.pbees.party/en/'.</msg>
<status status="PASS" starttime="20231021 12:16:22.734" endtime="20231021 12:16:28.141"/>
</kw>
<kw name="Set Window Size" library="SeleniumLibrary">
<arg>1536</arg>
<arg>864</arg>
<doc>Sets current windows size to given ``width`` and ``height``.</doc>
<status status="PASS" starttime="20231021 12:16:28.143" endtime="20231021 12:16:28.363"/>
</kw>
<kw name="Set Selenium Implicit Wait" library="SeleniumLibrary">
<arg>10s</arg>
<doc>Sets the implicit wait value used by Selenium.</doc>
<status status="PASS" starttime="20231021 12:16:28.363" endtime="20231021 12:16:28.365"/>
</kw>
<kw name="Maximize Browser Window" library="SeleniumLibrary">
<doc>Maximizes current browser window.</doc>
<status status="PASS" starttime="20231021 12:16:28.366" endtime="20231021 12:16:28.592"/>
</kw>
<kw name="Sleep" library="BuiltIn">
<arg>20s</arg>
<doc>Pauses the test executed for the given time.</doc>
<msg timestamp="20231021 12:16:48.594" level="INFO">Slept 20 seconds</msg>
<status status="PASS" starttime="20231021 12:16:28.593" endtime="20231021 12:16:48.594"/>
</kw>
<status status="PASS" starttime="20231021 12:16:22.733" endtime="20231021 12:16:48.595"/>
</kw>
<kw name="Click on Login/Signup button" library="LoginModalObjects">
<kw name="Click Element" library="SeleniumLibrary">
<arg>${SignupLoginbutton}</arg>
<doc>Click the element identified by ``locator``.</doc>
<msg timestamp="20231021 12:16:48.601" level="INFO">Clicking element '//*[text()="Sign Up/Log In"]'.</msg>
<status status="PASS" starttime="20231021 12:16:48.599" endtime="20231021 12:16:50.206"/>
</kw>
<status status="PASS" starttime="20231021 12:16:48.596" endtime="20231021 12:16:50.207"/>
</kw>
<kw name="Click on Mobile Login Option" library="LoginModalObjects">
<kw name="Click Element" library="SeleniumLibrary">
<arg>${MobileButton}</arg>
<doc>Click the element identified by ``locator``.</doc>
<msg timestamp="20231021 12:16:50.214" level="INFO">Clicking element '//a[text()="Mobile *"]'.</msg>
<status status="PASS" starttime="20231021 12:16:50.212" endtime="20231021 12:16:50.406"/>
</kw>
<kw name="Sleep" library="BuiltIn">
<arg>2s</arg>
<doc>Pauses the test executed for the given time.</doc>
<msg timestamp="20231021 12:16:52.407" level="INFO">Slept 2 seconds</msg>
<status status="PASS" starttime="20231021 12:16:50.406" endtime="20231021 12:16:52.408"/>
</kw>
<status status="PASS" starttime="20231021 12:16:50.209" endtime="20231021 12:16:52.409"/>
</kw>
<kw name="Enter Mobile number in mobile field" library="LoginModalObjects">
<kw name="Input Text" library="SeleniumLibrary">
<arg>${MobileNumberField}</arg>
<arg>${MobileNumber}</arg>
<doc>Types the given ``text`` into the text field identified by ``locator``.</doc>
<msg timestamp="20231021 12:16:52.416" level="INFO">Typing text '8088255301' into text field 'id=auth-modal-mobile-number'.</msg>
<status status="PASS" starttime="20231021 12:16:52.413" endtime="20231021 12:16:52.781"/>
</kw>
<kw name="Sleep" library="BuiltIn">
<arg>2s</arg>
<doc>Pauses the test executed for the given time.</doc>
<msg timestamp="20231021 12:16:54.782" level="INFO">Slept 2 seconds</msg>
<status status="PASS" starttime="20231021 12:16:52.782" endtime="20231021 12:16:54.782"/>
</kw>
<status status="PASS" starttime="20231021 12:16:52.410" endtime="20231021 12:16:54.783"/>
</kw>
<kw name="Click on next button" library="LoginModalObjects">
<kw name="Click Button" library="SeleniumLibrary">
<arg>${NextButton}</arg>
<doc>Clicks the button identified by ``locator``.</doc>
<msg timestamp="20231021 12:16:54.784" level="INFO">Clicking button 'Next'.</msg>
<status status="PASS" starttime="20231021 12:16:54.783" endtime="20231021 12:17:04.946"/>
</kw>
<kw name="Sleep" library="BuiltIn">
<arg>3s</arg>
<doc>Pauses the test executed for the given time.</doc>
<msg timestamp="20231021 12:17:07.947" level="INFO">Slept 3 seconds</msg>
<status status="PASS" starttime="20231021 12:17:04.946" endtime="20231021 12:17:07.948"/>
</kw>
<status status="PASS" starttime="20231021 12:16:54.783" endtime="20231021 12:17:07.949"/>
</kw>
<kw name="OTP notification should be visible" library="LoginModalObjects">
<kw name="Element Should Be Visible" library="SeleniumLibrary">
<arg>${GlobalSlimNotification}</arg>
<doc>Verifies that the element identified by ``locator`` is visible.</doc>
<msg timestamp="20231021 12:17:08.308" level="INFO">Element 'xpath=//*[@class="pb-slim-notification-container"]' is displayed.</msg>
<status status="PASS" starttime="20231021 12:17:07.953" endtime="20231021 12:17:08.308"/>
</kw>
<status status="PASS" starttime="20231021 12:17:07.951" endtime="20231021 12:17:08.308"/>
</kw>
<kw name="Close_the_browser" library="common" type="TEARDOWN">
<kw name="Close Browser" library="SeleniumLibrary">
<doc>Closes the current browser.</doc>
<status status="PASS" starttime="20231021 12:17:08.310" endtime="20231021 12:17:08.544"/>
</kw>
<status status="PASS" starttime="20231021 12:17:08.309" endtime="20231021 12:17:08.544"/>
</kw>
<doc>Testing Login with valid credentials</doc>
<tag>OTPLogin</tag>
<tag>Sanity</tag>
<tag>TC003</tag>
<status status="PASS" starttime="20231021 12:16:22.732" endtime="20231021 12:17:08.544"/>
</test>
<test id="s1-t4" name="Resend confirmation Test" line="37">
<kw name="Open_Web_browser" library="common" type="SETUP">
<arg>${Url}</arg>
<kw name="Open Browser" library="SeleniumLibrary">
<arg>${Url}</arg>
<arg>${browser_Name}</arg>
<doc>Opens a new browser instance to the optional ``url``.</doc>
<msg timestamp="20231021 12:17:08.548" level="INFO">Opening browser 'chrome' to base url 'https://feature1.pbees.party/en/'.</msg>
<status status="PASS" starttime="20231021 12:17:08.548" endtime="20231021 12:17:13.793"/>
</kw>
<kw name="Set Window Size" library="SeleniumLibrary">
<arg>1536</arg>
<arg>864</arg>
<doc>Sets current windows size to given ``width`` and ``height``.</doc>
<status status="PASS" starttime="20231021 12:17:13.793" endtime="20231021 12:17:14.026"/>
</kw>
<kw name="Set Selenium Implicit Wait" library="SeleniumLibrary">
<arg>10s</arg>
<doc>Sets the implicit wait value used by Selenium.</doc>
<status status="PASS" starttime="20231021 12:17:14.026" endtime="20231021 12:17:14.029"/>
</kw>
<kw name="Maximize Browser Window" library="SeleniumLibrary">
<doc>Maximizes current browser window.</doc>
<status status="PASS" starttime="20231021 12:17:14.030" endtime="20231021 12:17:14.228"/>
</kw>
<kw name="Sleep" library="BuiltIn">
<arg>20s</arg>
<doc>Pauses the test executed for the given time.</doc>
<msg timestamp="20231021 12:17:34.234" level="INFO">Slept 20 seconds</msg>
<status status="PASS" starttime="20231021 12:17:14.233" endtime="20231021 12:17:34.235"/>
</kw>
<status status="PASS" starttime="20231021 12:17:08.547" endtime="20231021 12:17:34.236"/>
</kw>
<kw name="Click on Login/Signup button" library="LoginModalObjects">
<kw name="Click Element" library="SeleniumLibrary">
<arg>${SignupLoginbutton}</arg>
<doc>Click the element identified by ``locator``.</doc>
<msg timestamp="20231021 12:17:34.241" level="INFO">Clicking element '//*[text()="Sign Up/Log In"]'.</msg>
<status status="PASS" starttime="20231021 12:17:34.239" endtime="20231021 12:17:35.392"/>
</kw>
<status status="PASS" starttime="20231021 12:17:34.236" endtime="20231021 12:17:35.393"/>
</kw>
<kw name="Click on email option" library="LoginModalObjects">
<kw name="Click Element" library="SeleniumLibrary">
<arg>${Emailbuttonmodal}</arg>
<doc>Click the element identified by ``locator``.</doc>
<msg timestamp="20231021 12:17:35.396" level="INFO">Clicking element '//a[text()="Email"]'.</msg>
<status status="PASS" starttime="20231021 12:17:35.395" endtime="20231021 12:17:35.544"/>
</kw>
<status status="PASS" starttime="20231021 12:17:35.393" endtime="20231021 12:17:35.545"/>
</kw>
<kw name="Enter email id" library="LoginModalObjects">
<arg>zahid14@yopmail.com</arg>
<kw name="Input Text" library="SeleniumLibrary">
<arg>${EmailInputField}</arg>
<arg>${UserName}</arg>
<doc>Types the given ``text`` into the text field identified by ``locator``.</doc>
<msg timestamp="20231021 12:17:35.547" level="INFO">Typing text 'zahid14@yopmail.com' into text field '//input[@id='auth-modal-email']'.</msg>
<status status="PASS" starttime="20231021 12:17:35.546" endtime="20231021 12:17:35.934"/>
</kw>
<status status="PASS" starttime="20231021 12:17:35.545" endtime="20231021 12:17:35.934"/>
</kw>
<kw name="Click on Resend confirmation links" library="LoginModalObjects">
<kw name="Click Element" library="SeleniumLibrary">
<arg>${ConfirmationLink}</arg>
<doc>Click the element identified by ``locator``.</doc>
<msg timestamp="20231021 12:17:35.936" level="INFO">Clicking element '//a[contains(text(),"Didn't receive confirmation instructions?")]'.</msg>
<status status="PASS" starttime="20231021 12:17:35.935" endtime="20231021 12:17:36.093"/>
</kw>
<status status="PASS" starttime="20231021 12:17:35.934" endtime="20231021 12:17:36.093"/>
</kw>
<kw name="Click on Resend confirmation button" library="LoginModalObjects">
<kw name="Click Element" library="SeleniumLibrary">
<arg>${ConfirmationButton}</arg>
<doc>Click the element identified by ``locator``.</doc>
<msg timestamp="20231021 12:17:36.095" level="INFO">Clicking element '//button[contains(text(),'Resend Confirmation Instructions')]'.</msg>
<status status="PASS" starttime="20231021 12:17:36.094" endtime="20231021 12:17:36.202"/>
</kw>
<status status="PASS" starttime="20231021 12:17:36.094" endtime="20231021 12:17:36.202"/>
</kw>
<kw name="Confirmation mail should be visible" library="LoginModalObjects">
<kw name="Sleep" library="BuiltIn">
<arg>2s</arg>
<doc>Pauses the test executed for the given time.</doc>
<msg timestamp="20231021 12:17:38.204" level="INFO">Slept 2 seconds</msg>
<status status="PASS" starttime="20231021 12:17:36.203" endtime="20231021 12:17:38.204"/>
</kw>
<kw name="Element Should Contain" library="SeleniumLibrary">
<arg>${GlobalSlimNotification}</arg>
<arg>You will receive an email with instructions for how to confirm your email address in a few minutes.</arg>
<doc>Verifies that element ``locator`` contains text ``expected``.</doc>
<msg timestamp="20231021 12:17:38.271" level="INFO">Element 'xpath=//*[@class="pb-slim-notification-container"]' contains text 'You will receive an email with instructions for how to confirm your email address in a few minutes.'.</msg>
<status status="PASS" starttime="20231021 12:17:38.205" endtime="20231021 12:17:38.271"/>
</kw>
<status status="PASS" starttime="20231021 12:17:36.202" endtime="20231021 12:17:38.272"/>
</kw>
<kw name="Close_the_browser" library="common" type="TEARDOWN">
<kw name="Close Browser" library="SeleniumLibrary">
<doc>Closes the current browser.</doc>
<status status="PASS" starttime="20231021 12:17:38.272" endtime="20231021 12:17:38.395"/>
</kw>
<status status="PASS" starttime="20231021 12:17:38.272" endtime="20231021 12:17:38.396"/>
</kw>
<doc>Testing confirmtion mail</doc>
<tag>ResendCinfirmationMail</tag>
<tag>Sanity</tag>
<tag>TC004</tag>
<status status="PASS" starttime="20231021 12:17:08.546" endtime="20231021 12:17:38.396"/>
</test>
<test id="s1-t5" name="Forgot password Test" line="46">
<kw name="Open_Web_browser" library="common" type="SETUP">
<arg>${Url}</arg>
<kw name="Open Browser" library="SeleniumLibrary">
<arg>${Url}</arg>
<arg>${browser_Name}</arg>
<doc>Opens a new browser instance to the optional ``url``.</doc>
<msg timestamp="20231021 12:17:38.399" level="INFO">Opening browser 'chrome' to base url 'https://feature1.pbees.party/en/'.</msg>
<status status="PASS" starttime="20231021 12:17:38.399" endtime="20231021 12:17:45.232"/>
</kw>
<kw name="Set Window Size" library="SeleniumLibrary">
<arg>1536</arg>
<arg>864</arg>
<doc>Sets current windows size to given ``width`` and ``height``.</doc>
<status status="PASS" starttime="20231021 12:17:45.233" endtime="20231021 12:17:45.466"/>
</kw>
<kw name="Set Selenium Implicit Wait" library="SeleniumLibrary">
<arg>10s</arg>
<doc>Sets the implicit wait value used by Selenium.</doc>
<status status="PASS" starttime="20231021 12:17:45.466" endtime="20231021 12:17:45.469"/>
</kw>
<kw name="Maximize Browser Window" library="SeleniumLibrary">
<doc>Maximizes current browser window.</doc>
<status status="PASS" starttime="20231021 12:17:45.469" endtime="20231021 12:17:45.636"/>
</kw>
<kw name="Sleep" library="BuiltIn">
<arg>20s</arg>
<doc>Pauses the test executed for the given time.</doc>
<msg timestamp="20231021 12:18:05.637" level="INFO">Slept 20 seconds</msg>
<status status="PASS" starttime="20231021 12:17:45.636" endtime="20231021 12:18:05.637"/>
</kw>
<status status="PASS" starttime="20231021 12:17:38.398" endtime="20231021 12:18:05.638"/>
</kw>
<kw name="Click on Login/Signup button" library="LoginModalObjects">
<kw name="Click Element" library="SeleniumLibrary">
<arg>${SignupLoginbutton}</arg>
<doc>Click the element identified by ``locator``.</doc>
<msg timestamp="20231021 12:18:05.641" level="INFO">Clicking element '//*[text()="Sign Up/Log In"]'.</msg>
<status status="PASS" starttime="20231021 12:18:05.640" endtime="20231021 12:18:06.739"/>
</kw>
<status status="PASS" starttime="20231021 12:18:05.638" endtime="20231021 12:18:06.739"/>
</kw>
<kw name="Click on email option" library="LoginModalObjects">
<kw name="Click Element" library="SeleniumLibrary">
<arg>${Emailbuttonmodal}</arg>
<doc>Click the element identified by ``locator``.</doc>
<msg timestamp="20231021 12:18:06.744" level="INFO">Clicking element '//a[text()="Email"]'.</msg>
<status status="PASS" starttime="20231021 12:18:06.741" endtime="20231021 12:18:06.911"/>
</kw>
<status status="PASS" starttime="20231021 12:18:06.740" endtime="20231021 12:18:06.911"/>
</kw>
<kw name="Enter email id" library="LoginModalObjects">
<arg>zahid@yopmail.com</arg>
<kw name="Input Text" library="SeleniumLibrary">
<arg>${EmailInputField}</arg>
<arg>${UserName}</arg>
<doc>Types the given ``text`` into the text field identified by ``locator``.</doc>
<msg timestamp="20231021 12:18:06.914" level="INFO">Typing text 'zahid@yopmail.com' into text field '//input[@id='auth-modal-email']'.</msg>
<status status="PASS" starttime="20231021 12:18:06.914" endtime="20231021 12:18:07.243"/>
</kw>
<status status="PASS" starttime="20231021 12:18:06.911" endtime="20231021 12:18:07.244"/>
</kw>
<kw name="Click on Forgot password link from the login popup" library="LoginModalObjects">
<kw name="Click Element" library="SeleniumLibrary">
<arg>${ForgotPasswordLink}</arg>
<doc>Click the element identified by ``locator``.</doc>
<msg timestamp="20231021 12:18:07.245" level="INFO">Clicking element '//a[contains(text(),'Forgot Password?')]'.</msg>
<status status="PASS" starttime="20231021 12:18:07.245" endtime="20231021 12:18:07.419"/>
</kw>
<status status="PASS" starttime="20231021 12:18:07.244" endtime="20231021 12:18:07.420"/>
</kw>
<kw name="Click on Forget password button from login popup" library="LoginModalObjects">
<kw name="Click Button" library="SeleniumLibrary">
<arg>${ForgetPasswordButton}</arg>
<doc>Clicks the button identified by ``locator``.</doc>
<msg timestamp="20231021 12:18:07.423" level="INFO">Clicking button '//button[contains(text(),'Send me Reset Password Instructions')]'.</msg>
<status status="PASS" starttime="20231021 12:18:07.421" endtime="20231021 12:18:07.566"/>
</kw>
<status status="PASS" starttime="20231021 12:18:07.420" endtime="20231021 12:18:07.566"/>
</kw>
<kw name="Forgot password notification should be visible" library="LoginModalObjects">
<arg>zahid@yopmail.com</arg>
<kw name="Sleep" library="BuiltIn">
<arg>2s</arg>
<doc>Pauses the test executed for the given time.</doc>
<msg timestamp="20231021 12:18:09.567" level="INFO">Slept 2 seconds</msg>
<status status="PASS" starttime="20231021 12:18:07.567" endtime="20231021 12:18:09.568"/>
</kw>
<kw name="Element Should Contain" library="SeleniumLibrary">
<arg>${GlobalSlimNotification}</arg>
<arg>We have sent a password reset link to ${UserName}</arg>
<doc>Verifies that element ``locator`` contains text ``expected``.</doc>
<msg timestamp="20231021 12:18:09.697" level="INFO">Element 'xpath=//*[@class="pb-slim-notification-container"]' contains text 'We have sent a password reset link to zahid@yopmail.com'.</msg>
<status status="PASS" starttime="20231021 12:18:09.569" endtime="20231021 12:18:09.697"/>
</kw>
<status status="PASS" starttime="20231021 12:18:07.566" endtime="20231021 12:18:09.697"/>
</kw>
<kw name="Close_the_browser" library="common" type="TEARDOWN">
<kw name="Close Browser" library="SeleniumLibrary">
<doc>Closes the current browser.</doc>
<status status="PASS" starttime="20231021 12:18:09.698" endtime="20231021 12:18:09.847"/>
</kw>
<status status="PASS" starttime="20231021 12:18:09.698" endtime="20231021 12:18:09.848"/>
</kw>
<doc>Testing forgot password mail</doc>
<tag>Forgotpassword</tag>
<tag>Sanity</tag>
<tag>TC005</tag>
<status status="PASS" starttime="20231021 12:17:38.397" endtime="20231021 12:18:09.848"/>
</test>
<doc>[https://pabot.org/?ref=log|Pabot] result from 1 executions.</doc>
<status status="PASS" starttime="20231021 12:14:34.633" endtime="20231021 12:18:09.850"/>
</suite>
<statistics>
<total>
<stat pass="5" fail="0" skip="0">All Tests</stat>
</total>
<tag>
<stat pass="1" fail="0" skip="0">Forgotpassword</stat>
<stat pass="2" fail="0" skip="0">Login</stat>
<stat pass="1" fail="0" skip="0">OTPLogin</stat>
<stat pass="1" fail="0" skip="0">ResendCinfirmationMail</stat>
<stat pass="5" fail="0" skip="0">Sanity</stat>
<stat pass="1" fail="0" skip="0">TC001</stat>
<stat pass="1" fail="0" skip="0">TC002</stat>
<stat pass="1" fail="0" skip="0">TC003</stat>
<stat pass="1" fail="0" skip="0">TC004</stat>
<stat pass="1" fail="0" skip="0">TC005</stat>
</tag>
<suite>
<stat pass="5" fail="0" skip="0" id="s1" name="Login Test Suite">Login Test Suite</stat>
</suite>
</statistics>
<errors>
<msg timestamp="20231021 12:14:34.631" level="ERROR">Taking listener 'RobotStackTracer' into use failed: Importing listener 'RobotStackTracer' failed: ModuleNotFoundError: No module named 'RobotStackTracer'
Traceback (most recent call last):
  None
PYTHONPATH:
  /home/my/.local/bin
  /usr/lib/python38.zip
  /usr/lib/python3.8
  /usr/lib/python3.8/lib-dynload
  /home/my/.local/lib/python3.8/site-packages
  /usr/local/lib/python3.8/dist-packages
  /usr/lib/python3/dist-packages</msg>
</errors>
</robot>
