<?xml version="1.0" encoding="UTF-8"?>
<robot generator="Robot 5.0.1 (Python 3.8.10 on linux)" generated="20231015 22:24:39.759" rpa="false" schemaversion="3">
<suite id="s1" name="MandatoryLoginTest" source="/home/my/PycharmProjects/StoryWeaver/Test_Suites/MandatoryLoginTest.robot">
<test id="s1-t1" name="Test for Manadatory login/signup after 3 reads" line="10">
<kw name="Open_Web_browser" library="common" type="SETUP">
<arg>${ReadPage}</arg>
<kw name="Open Browser" library="SeleniumLibrary">
<arg>${Url}</arg>
<arg>${browser_Name}</arg>
<doc>Opens a new browser instance to the optional ``url``.</doc>
<msg timestamp="20231015 22:24:39.950" level="INFO">Opening browser 'chrome' to base url 'https://feature1.pbees.party/en/stories?sort=Ratings'.</msg>
<status status="PASS" starttime="20231015 22:24:39.949" endtime="20231015 22:24:48.062"/>
</kw>
<kw name="Set Window Size" library="SeleniumLibrary">
<arg>1536</arg>
<arg>864</arg>
<doc>Sets current windows size to given ``width`` and ``height``.</doc>
<status status="PASS" starttime="20231015 22:24:48.063" endtime="20231015 22:24:48.188"/>
</kw>
<kw name="Set Selenium Implicit Wait" library="SeleniumLibrary">
<arg>5</arg>
<doc>Sets the implicit wait value used by Selenium.</doc>
<status status="PASS" starttime="20231015 22:24:48.189" endtime="20231015 22:24:48.192"/>
</kw>
<kw name="Maximize Browser Window" library="SeleniumLibrary">
<doc>Maximizes current browser window.</doc>
<status status="PASS" starttime="20231015 22:24:48.192" endtime="20231015 22:24:48.313"/>
</kw>
<kw name="Sleep" library="BuiltIn">
<arg>20s</arg>
<doc>Pauses the test executed for the given time.</doc>
<msg timestamp="20231015 22:25:08.313" level="INFO">Slept 20 seconds</msg>
<status status="PASS" starttime="20231015 22:24:48.313" endtime="20231015 22:25:08.314"/>
</kw>
<status status="PASS" starttime="20231015 22:24:39.949" endtime="20231015 22:25:08.314"/>
</kw>
<for flavor="IN RANGE">
<var>${i}</var>
<value>4</value>
<iter>
<var name="${i}">0</var>
<kw name="Hover on first card" library="ReadPageObjects">
<kw name="Mouse Over" library="SeleniumLibrary">
<arg>${BookCard}</arg>
<doc>Simulates hovering the mouse over the element ``locator``.</doc>
<msg timestamp="20231015 22:25:08.315" level="INFO">Simulating Mouse Over on element '(//div[@class="pb-book-card__container"])[1]'.</msg>
<msg timestamp="20231015 22:25:08.324" level="WARN">Keyword 'Capture Page Screenshot' could not be run on failure: Message: no such window: target window already closed
from unknown error: web view not found
  (Session info: chrome=117.0.5938.149)
Stacktrace:
#0 0x556a3f02d933 &lt;unknown&gt;
#1 0x556a3ed076f7 &lt;unknown&gt;
#2 0x556a3ece0558 &lt;unknown&gt;
#3 0x556a3ed7596f &lt;unknown&gt;
#4 0x556a3ed893ab &lt;unknown&gt;
#5 0x556a3ed703d3 &lt;unknown&gt;
#6 0x556a3ed42e64 &lt;unknown&gt;
#7 0x556a3ed43c4e &lt;unknown&gt;
#8 0x556a3eff3558 &lt;unknown&gt;
#9 0x556a3eff74a0 &lt;unknown&gt;
#10 0x556a3f00197c &lt;unknown&gt;
#11 0x556a3eff80b8 &lt;unknown&gt;
#12 0x556a3efc3cdf &lt;unknown&gt;
#13 0x556a3f01c048 &lt;unknown&gt;
#14 0x556a3f01c219 &lt;unknown&gt;
#15 0x556a3f02cac3 &lt;unknown&gt;
#16 0x7fae397c4609 start_thread
</msg>
<msg timestamp="20231015 22:25:08.325" level="FAIL">NoSuchWindowException: Message: no such window: target window already closed
from unknown error: web view not found
  (Session info: chrome=117.0.5938.149)
Stacktrace:
#0 0x556a3f02d933 &lt;unknown&gt;
#1 0x556a3ed076f7 &lt;unknown&gt;
#2 0x556a3ece0558 &lt;unknown&gt;
#3 0x556a3ed7596f &lt;unknown&gt;
#4 0x556a3ed893ab &lt;unknown&gt;
#5 0x556a3ed703d3 &lt;unknown&gt;
#6 0x556a3ed42e64 &lt;unknown&gt;
#7 0x556a3ed43c4e &lt;unknown&gt;
#8 0x556a3eff3558 &lt;unknown&gt;
#9 0x556a3eff74a0 &lt;unknown&gt;
#10 0x556a3f00197c &lt;unknown&gt;
#11 0x556a3eff80b8 &lt;unknown&gt;
#12 0x556a3efc3cdf &lt;unknown&gt;
#13 0x556a3f01c048 &lt;unknown&gt;
#14 0x556a3f01c219 &lt;unknown&gt;
#15 0x556a3f02cac3 &lt;unknown&gt;
#16 0x7fae397c4609 start_thread
</msg>
<status status="FAIL" starttime="20231015 22:25:08.315" endtime="20231015 22:25:08.327"/>
</kw>
<kw name="Sleep" library="BuiltIn">
<arg>2s</arg>
<doc>Pauses the test executed for the given time.</doc>
<status status="NOT RUN" starttime="20231015 22:25:08.327" endtime="20231015 22:25:08.327"/>
</kw>
<status status="FAIL" starttime="20231015 22:25:08.314" endtime="20231015 22:25:08.328"/>
</kw>
<kw name="Click on 3 dot icon" library="ReadPageObjects">
<status status="NOT RUN" starttime="20231015 22:25:08.328" endtime="20231015 22:25:08.328"/>
</kw>
<kw name="Click on read story from 3 dot menu" library="ReadPageObjects">
<status status="NOT RUN" starttime="20231015 22:25:08.329" endtime="20231015 22:25:08.329"/>
</kw>
<kw name="Run Keyword And Return Status" library="BuiltIn">
<var>${CloseButtonstatus}</var>
<arg>element should be visible</arg>
<arg>${ReaderCloseButton}</arg>
<doc>Runs the given keyword with given arguments and returns the status as a Boolean value.</doc>
<status status="NOT RUN" starttime="20231015 22:25:08.329" endtime="20231015 22:25:08.329"/>
</kw>
<kw name="Run Keyword If" library="BuiltIn">
<arg>${CloseButtonstatus}</arg>
<arg>Close the reader</arg>
<doc>Runs the given keyword with the given arguments, if ``condition`` is true.</doc>
<status status="NOT RUN" starttime="20231015 22:25:08.329" endtime="20231015 22:25:08.329"/>
</kw>
<status status="FAIL" starttime="20231015 22:25:08.314" endtime="20231015 22:25:08.329"/>
</iter>
<status status="FAIL" starttime="20231015 22:25:08.314" endtime="20231015 22:25:08.330"/>
</for>
<kw name="Log" library="BuiltIn">
<arg>User should be able to login from the manadtory Login/Signup modal</arg>
<doc>Logs the given message with the given level.</doc>
<status status="NOT RUN" starttime="20231015 22:25:08.330" endtime="20231015 22:25:08.330"/>
</kw>
<kw name="Manadatory login loader screen should appear" library="LoginModalObjects">
<status status="NOT RUN" starttime="20231015 22:25:08.330" endtime="20231015 22:25:08.330"/>
</kw>
<kw name="Wait Until Element Is Visible" library="SeleniumLibrary">
<arg>${Emailbuttonmodal}</arg>
<doc>Waits until the element ``locator`` is visible.</doc>
<status status="NOT RUN" starttime="20231015 22:25:08.330" endtime="20231015 22:25:08.330"/>
</kw>
<kw name="Click on email option" library="LoginModalObjects">
<status status="NOT RUN" starttime="20231015 22:25:08.330" endtime="20231015 22:25:08.330"/>
</kw>
<kw name="Enter email id" library="LoginModalObjects">
<arg>${UserName}</arg>
<status status="NOT RUN" starttime="20231015 22:25:08.330" endtime="20231015 22:25:08.330"/>
</kw>
<kw name="Click on next button" library="LoginModalObjects">
<status status="NOT RUN" starttime="20231015 22:25:08.330" endtime="20231015 22:25:08.330"/>
</kw>
<kw name="Enter Vaild Password in password field" library="LoginModalObjects">
<status status="NOT RUN" starttime="20231015 22:25:08.330" endtime="20231015 22:25:08.331"/>
</kw>
<kw name="Click login button after entering password" library="LoginModalObjects">
<status status="NOT RUN" starttime="20231015 22:25:08.331" endtime="20231015 22:25:08.331"/>
</kw>
<kw name="Verify the notification for Successfully login" library="LoginModalObjects">
<status status="NOT RUN" starttime="20231015 22:25:08.331" endtime="20231015 22:25:08.331"/>
</kw>
<kw name="Close_the_browser" library="common" type="TEARDOWN">
<kw name="Close Browser" library="SeleniumLibrary">
<doc>Closes the current browser.</doc>
<status status="PASS" starttime="20231015 22:25:08.332" endtime="20231015 22:25:08.363"/>
</kw>
<status status="PASS" starttime="20231015 22:25:08.331" endtime="20231015 22:25:08.363"/>
</kw>
<tag>MandatoryLogin/SignupTest</tag>
<tag>Sanity</tag>
<tag>TC011</tag>
<status status="FAIL" starttime="20231015 22:24:39.948" endtime="20231015 22:25:08.364">NoSuchWindowException: Message: no such window: target window already closed
from unknown error: web view not found
  (Session info: chrome=117.0.5938.149)
Stacktrace:
#0 0x556a3f02d933 &lt;unknown&gt;
#1 0x556a3ed076f7 &lt;unknown&gt;
#2 0x556a3ece0558 &lt;unknown&gt;
#3 0x556a3ed7596f &lt;unknown&gt;
#4 0x556a3ed893ab &lt;unknown&gt;
#5 0x556a3ed703d3 &lt;unknown&gt;
#6 0x556a3ed42e64 &lt;unknown&gt;
#7 0x556a3ed43c4e &lt;unknown&gt;
#8 0x556a3eff3558 &lt;unknown&gt;
#9 0x556a3eff74a0 &lt;unknown&gt;
#10 0x556a3f00197c &lt;unknown&gt;
#11 0x556a3eff80b8 &lt;unknown&gt;
#12 0x556a3efc3cdf &lt;unknown&gt;
#13 0x556a3f01c048 &lt;unknown&gt;
#14 0x556a3f01c219 &lt;unknown&gt;
#15 0x556a3f02cac3 &lt;unknown&gt;
#16 0x7fae397c4609 start_thread
</status>
</test>
<status status="FAIL" starttime="20231015 22:24:39.762" endtime="20231015 22:25:08.364"/>
</suite>
<statistics>
<total>
<stat pass="0" fail="1" skip="0">All Tests</stat>
</total>
<tag>
<stat pass="0" fail="1" skip="0">MandatoryLogin/SignupTest</stat>
<stat pass="0" fail="1" skip="0">Sanity</stat>
<stat pass="0" fail="1" skip="0">TC011</stat>
</tag>
<suite>
<stat pass="0" fail="1" skip="0" id="s1" name="MandatoryLoginTest">MandatoryLoginTest</stat>
</suite>
</statistics>
<errors>
<msg timestamp="20231015 22:24:39.760" level="ERROR">Taking listener 'RobotStackTracer' into use failed: Importing listener 'RobotStackTracer' failed: ModuleNotFoundError: No module named 'RobotStackTracer'
Traceback (most recent call last):
  None
PYTHONPATH:
  /home/my/.local/bin
  /usr/lib/python38.zip
  /usr/lib/python3.8
  /usr/lib/python3.8/lib-dynload
  /home/my/.local/lib/python3.8/site-packages
  /usr/local/lib/python3.8/dist-packages
  /usr/lib/python3/dist-packages</msg>
<msg timestamp="20231015 22:25:08.324" level="WARN">Keyword 'Capture Page Screenshot' could not be run on failure: Message: no such window: target window already closed
from unknown error: web view not found
  (Session info: chrome=117.0.5938.149)
Stacktrace:
#0 0x556a3f02d933 &lt;unknown&gt;
#1 0x556a3ed076f7 &lt;unknown&gt;
#2 0x556a3ece0558 &lt;unknown&gt;
#3 0x556a3ed7596f &lt;unknown&gt;
#4 0x556a3ed893ab &lt;unknown&gt;
#5 0x556a3ed703d3 &lt;unknown&gt;
#6 0x556a3ed42e64 &lt;unknown&gt;
#7 0x556a3ed43c4e &lt;unknown&gt;
#8 0x556a3eff3558 &lt;unknown&gt;
#9 0x556a3eff74a0 &lt;unknown&gt;
#10 0x556a3f00197c &lt;unknown&gt;
#11 0x556a3eff80b8 &lt;unknown&gt;
#12 0x556a3efc3cdf &lt;unknown&gt;
#13 0x556a3f01c048 &lt;unknown&gt;
#14 0x556a3f01c219 &lt;unknown&gt;
#15 0x556a3f02cac3 &lt;unknown&gt;
#16 0x7fae397c4609 start_thread
</msg>
</errors>
</robot>
